<?xml version="1.0" encoding="UTF-8"?>
<!-- Generated by org.testng.reporters.JUnitReportReporter -->
<testsuite hostname="DESKTOP-R2HLTN2" failures="0" tests="1" name="HRM.AccountLogin.Verifylogin" time="0.010" errors="0" timestamp="2020-07-20T22:55:54 EDT" skipped="0">
  <testcase classname="HRM.AccountLogin.Verifylogin" name="simpletest" time="0.010"/>
  <system-out/>
</testsuite> <!-- HRM.AccountLogin.Verifylogin -->
