<?xml version="1.0" encoding="UTF-8"?>
<!-- Generated by org.testng.reporters.JUnitReportReporter -->
<testsuite skipped="0" hostname="DESKTOP-R2HLTN2" name="HRM.AccountLogin.LoginPageObjects" tests="1" failures="0" timestamp="2020-07-22T22:48:26 EDT" time="0.008" errors="0">
  <testcase name="login" time="0.008" classname="HRM.AccountLogin.LoginPageObjects"/>
  <system-out/>
</testsuite> <!-- HRM.AccountLogin.LoginPageObjects -->
